2019-06-02T05:05:44.170Z [info] [app/tailwind/config/background-size.js]: BEGIN
2019-06-02T05:05:44.208Z [info] [app/login/controller.js]: BEGIN
2019-06-02T05:05:44.370Z [info] [app/adapters/application.js]: BEGIN
2019-06-02T05:05:44.190Z [info] [app/tailwind/config/border-colors.js]: BEGIN
2019-06-02T05:05:44.203Z [info] [app/tailwind/config/border-radius.js]: BEGIN
2019-06-02T05:05:44.211Z [info] [app/tailwind/config/border-widths.js]: BEGIN
2019-06-02T05:05:44.232Z [info] [app/tailwind/config/colors.js]: BEGIN
2019-06-02T05:05:44.259Z [info] [app/tailwind/config/font-weights.js]: BEGIN
2019-06-02T05:05:44.317Z [info] [app/tailwind/config/css-grid.js]: BEGIN
2019-06-02T05:05:44.361Z [info] [app/tailwind/config/fonts.js]: BEGIN
2019-06-02T05:05:44.366Z [info] [app/tailwind/config/letter-spacing.js]: BEGIN
2019-06-02T05:05:44.374Z [info] [app/tailwind/config/line-height.js]: BEGIN
2019-06-02T05:05:44.387Z [info] [app/tailwind/config/height.js]: BEGIN
2019-06-02T05:05:44.398Z [info] [app/tailwind/config/margin.js]: BEGIN
2019-06-02T05:05:44.404Z [info] [app/tailwind/config/max-width.js]: BEGIN
2019-06-02T05:05:44.408Z [info] [app/tailwind/config/min-height.js]: BEGIN
2019-06-02T05:05:44.411Z [info] [app/tailwind/config/min-width.js]: BEGIN
2019-06-02T05:05:44.414Z [info] [app/tailwind/config/max-height.js]: BEGIN
2019-06-02T05:05:44.419Z [info] [app/tailwind/config/padding.js]: BEGIN
2019-06-02T05:05:44.431Z [info] [app/tailwind/config/negative-margin.js]: BEGIN
2019-06-02T05:05:44.457Z [info] [app/tailwind/config/screens.js]: BEGIN
2019-06-02T05:05:44.460Z [info] [app/tailwind/config/opacity.js]: BEGIN
2019-06-02T05:05:44.463Z [info] [app/tailwind/config/shadows.js]: BEGIN
2019-06-02T05:05:44.466Z [info] [app/tailwind/config/svg-fill.js]: BEGIN
2019-06-02T05:05:44.469Z [info] [app/tailwind/config/svg-stroke.js]: BEGIN
2019-06-02T05:05:44.513Z [info] [app/tailwind/config/tailwind.js]: BEGIN
2019-06-02T05:05:44.541Z [info] [app/tailwind/config/width.js]: BEGIN
2019-06-02T05:05:44.562Z [info] [app/tailwind/config/text-colors.js]: BEGIN
2019-06-02T05:05:44.566Z [info] [app/tailwind/config/text-sizes.js]: BEGIN
2019-06-02T05:05:44.574Z [info] [app/tailwind/config/z-index.js]: BEGIN
2019-06-02T05:05:44.634Z [info] [app/tailwind/utilities/your-utility.css]: BEGIN
2019-06-02T05:05:44.647Z [info] [app/welcome/controller.js]: BEGIN
2019-06-02T05:05:44.664Z [info] [app/welcome/controller.js]: SUCCESS
2019-06-02T05:05:44.691Z [info] [app/utils/group-by.js]: BEGIN
2019-06-02T05:05:44.706Z [info] [app/welcome/route.js]: BEGIN
2019-06-02T05:05:44.716Z [info] [app/welcome/route.js]: SUCCESS
2019-06-02T05:05:44.775Z [info] [app/welcome/template.hbs]: BEGIN
2019-06-02T05:05:44.789Z [info] [app/welcome/styles.scss]: BEGIN
2019-06-02T05:05:44.235Z [info] [app/login/route.js]: BEGIN
2019-06-02T05:05:44.246Z [info] [app/login/route.js]: SUCCESS
2019-06-02T05:05:44.277Z [info] [app/models/category.js]: BEGIN
2019-06-02T05:05:44.304Z [info] [app/models/transaction.js]: BEGIN
2019-06-02T05:05:44.318Z [info] [app/models/prospective_category.js]: BEGIN
2019-06-02T05:05:44.330Z [info] [app/models/user.js]: BEGIN
2019-06-02T05:05:44.359Z [info] [app/register/controller.js]: BEGIN
2019-06-02T05:05:44.362Z [warn] [app/register/controller.js]: FAILURE 
Validation errors: 
	[authenticate]: Transform not supported - need option '--decorators=true' or the property type CallExpression can not be transformed
2019-06-02T05:05:44.370Z [info] [app/register/route.js]: BEGIN
2019-06-02T05:05:44.374Z [info] [app/register/route.js]: SUCCESS
2019-06-02T05:05:44.389Z [info] [app/register/styles.scss]: BEGIN
2019-06-02T05:05:44.454Z [info] [app/register/template.hbs]: BEGIN
2019-06-02T05:05:44.491Z [info] [app/resolver.js]: BEGIN
2019-06-02T05:05:44.503Z [info] [app/router.js]: BEGIN
2019-06-02T05:05:44.515Z [info] [app/router.js]: SUCCESS
2019-06-02T05:05:44.524Z [info] [app/serializers/test_user.js]: BEGIN
2019-06-02T05:05:44.548Z [info] [app/services/categories.js]: BEGIN
2019-06-02T05:05:44.564Z [info] [app/services/categories.js]: SUCCESS
2019-06-02T05:05:44.584Z [info] [app/services/current-user.js]: BEGIN
2019-06-02T05:05:44.606Z [info] [app/services/current-user.js]: SUCCESS
2019-06-02T05:05:44.644Z [info] [app/setup/controller.js]: BEGIN
2019-06-02T05:05:44.668Z [info] [app/setup/controller.js]: SUCCESS
2019-06-02T05:05:44.684Z [info] [app/setup/route.js]: BEGIN
2019-06-02T05:05:44.690Z [info] [app/setup/route.js]: SUCCESS
2019-06-02T05:05:44.738Z [info] [app/setup/template.hbs]: BEGIN
2019-06-02T05:05:44.758Z [info] [app/setup/categorise/controller.js]: BEGIN
2019-06-02T05:05:44.768Z [info] [app/setup/categorise/controller.js]: SUCCESS
2019-06-02T05:05:44.787Z [info] [app/setup/categorise/route.js]: BEGIN
2019-06-02T05:05:44.819Z [info] [app/setup/categorise/route.js]: SUCCESS
2019-06-02T05:05:44.851Z [info] [app/setup/categorise/template.hbs]: BEGIN
2019-06-02T05:05:44.861Z [info] [app/setup/upload/route.js]: BEGIN
2019-06-02T05:05:44.871Z [info] [app/setup/upload/route.js]: SUCCESS
2019-06-02T05:05:44.901Z [info] [app/setup/upload/template.hbs]: BEGIN
2019-06-02T05:05:44.923Z [info] [app/setup/upload/controller.js]: BEGIN
2019-06-02T05:05:44.933Z [info] [app/setup/upload/controller.js]: SUCCESS
2019-06-02T05:05:44.985Z [info] [app/styles/app.scss]: BEGIN
2019-06-02T05:05:45.032Z [info] [app/styles/power-select.scss]: BEGIN
2019-06-02T05:05:45.042Z [info] [app/styles/reset.scss]: BEGIN
2019-06-02T05:05:45.054Z [info] [app/styles/typography.scss]: BEGIN
2019-06-02T05:05:45.058Z [info] [app/tailwind/modules.css]: BEGIN
2019-06-02T05:05:45.072Z [info] [app/tailwind/components/your-component.css]: BEGIN
2019-06-02T05:05:45.077Z [info] [app/tailwind/config/background-colors.js]: BEGIN
2019-06-02T05:05:45.082Z [info] [app/login/styles.scss]: BEGIN
2019-06-02T05:05:45.086Z [info] [app/models/csv-upload.js]: BEGIN
2019-06-02T05:05:45.100Z [info] [app/login/template.hbs]: BEGIN
2019-06-02T05:05:44.393Z [info] [app/application/controller.js]: BEGIN
2019-06-02T05:05:44.407Z [info] [app/application/controller.js]: SUCCESS
2019-06-02T05:05:44.473Z [info] [app/application/route.js]: BEGIN
2019-06-02T05:05:44.503Z [info] [app/application/route.js]: SUCCESS
2019-06-02T05:05:44.579Z [info] [app/authenticators/torii.js]: BEGIN
2019-06-02T05:05:44.626Z [info] [app/authenticators/torii.js]: SUCCESS
2019-06-02T05:05:44.667Z [info] [app/components/category-picker/component.js]: BEGIN
2019-06-02T05:05:44.676Z [info] [app/components/category-picker/component.js]: SUCCESS
2019-06-02T05:05:44.725Z [info] [app/components/category-picker/styles.scss]: BEGIN
2019-06-02T05:05:44.786Z [info] [app/components/category-picker/template.hbs]: BEGIN
2019-06-02T05:05:44.825Z [info] [app/components/create-new-tag/component.js]: BEGIN
2019-06-02T05:05:44.831Z [warn] [app/components/create-new-tag/component.js]: FAILURE 
Validation errors: 
	[createNewCategory]: Transform not supported - need option '--decorators=true' or the property type CallExpression can not be transformed
2019-06-02T05:05:44.845Z [info] [app/components/create-new-tag/styles.scss]: BEGIN
2019-06-02T05:05:44.879Z [info] [app/components/create-new-tag/template.hbs]: BEGIN
2019-06-02T05:05:44.891Z [info] [app/components/google-button/component.js]: BEGIN
2019-06-02T05:05:44.895Z [warn] [app/components/google-button/component.js]: FAILURE 
Validation errors: 
	[authenticateWithGoogle]: Transform not supported - need option '--decorators=true' or the property type CallExpression can not be transformed
2019-06-02T05:05:44.900Z [info] [app/components/google-button/template.hbs]: BEGIN
2019-06-02T05:05:44.906Z [info] [app/components/icon-button/component.js]: BEGIN
2019-06-02T05:05:44.909Z [info] [app/components/icon-button/component.js]: SUCCESS
2019-06-02T05:05:44.919Z [info] [app/components/icon-button/template.hbs]: BEGIN
2019-06-02T05:05:44.923Z [info] [app/components/transaction-slider/component.js]: BEGIN
2019-06-02T05:05:44.927Z [info] [app/components/transaction-slider/component.js]: SUCCESS
2019-06-02T05:05:44.938Z [info] [app/components/transaction-slider/template.hbs]: BEGIN
2019-06-02T05:05:44.976Z [info] [app/components/file-upload/input/component.js]: BEGIN
2019-06-02T05:05:44.981Z [warn] [app/components/file-upload/input/component.js]: FAILURE 
Validation errors: 
	[upload]: Transform not supported - need option '--decorators=true' or the property type CallExpression can not be transformed
2019-06-02T05:05:44.989Z [info] [app/components/file-upload/input/template.hbs]: BEGIN
2019-06-02T05:05:44.997Z [info] [app/components/file-upload/list-item/component.js]: BEGIN
2019-06-02T05:05:45.000Z [warn] [app/components/file-upload/list-item/component.js]: FAILURE 
Validation errors: 
	[deleteCsvUpload]: Transform not supported - need option '--decorators=true' or the property type CallExpression can not be transformed
2019-06-02T05:05:45.007Z [info] [app/components/file-upload/list-item/template.hbs]: BEGIN
2019-06-02T05:05:45.047Z [info] [app/components/transaction-slider/slide/component.js]: BEGIN
2019-06-02T05:05:45.071Z [info] [app/components/transaction-slider/slide/component.js]: SUCCESS
2019-06-02T05:05:45.094Z [info] [app/components/transaction-slider/slide/template.hbs]: BEGIN
2019-06-02T05:05:45.100Z [info] [app/components/icon-button/label/component.js]: BEGIN
2019-06-02T05:05:45.106Z [info] [app/components/icon-button/label/component.js]: SUCCESS
2019-06-02T05:05:45.112Z [info] [app/components/icon-button/label/template.hbs]: BEGIN
2019-06-02T05:05:45.118Z [info] [app/components/icon-button/icon/component.js]: BEGIN
2019-06-02T05:05:45.123Z [info] [app/components/icon-button/icon/component.js]: SUCCESS
2019-06-02T05:05:45.125Z [info] [app/components/icon-button/icon/template.hbs]: BEGIN
2019-06-02T05:05:45.137Z [info] [app/helpers/category-colour.js]: BEGIN
2019-06-02T05:05:45.141Z [info] [app/home/controller.js]: BEGIN
2019-06-02T05:05:45.144Z [info] [app/home/controller.js]: SUCCESS
2019-06-02T05:05:45.146Z [info] [app/home/route.js]: BEGIN
2019-06-02T05:05:45.156Z [info] [app/home/route.js]: SUCCESS
2019-06-02T05:05:45.158Z [info] [app/home/template.hbs]: BEGIN
2019-06-02T05:05:45.167Z [info] [app/index.html]: BEGIN
2019-06-02T05:05:45.174Z [info] [app/adapters/user.js]: BEGIN
2019-06-02T05:05:45.183Z [info] [app/adapters/user.js]: SUCCESS
2019-06-02T05:05:45.198Z [info] [app/app.js]: BEGIN
2019-06-02T05:05:45.206Z [info] [app/app.js]: SUCCESS
2019-06-02T05:05:45.216Z [info] [app/application/template.hbs]: BEGIN
